<component name="libraryTable">
  <library name="JUnit5">
    <CLASSES>
      <root url="jar://$PROJECT_DIR$/lib/test/junit-5.3.1/apiguardian-api-1.0.0.jar!/" />
      <root url="jar://$PROJECT_DIR$/lib/test/junit-5.3.1/junit-jupiter-api-5.3.1.jar!/" />
      <root url="jar://$PROJECT_DIR$/lib/test/junit-5.3.1/junit-jupiter-params-5.3.1.jar!/" />
      <root url="jar://$PROJECT_DIR$/lib/test/junit-5.3.1/junit-platform-commons-1.3.1.jar!/" />
      <root url="jar://$PROJECT_DIR$/lib/test/junit-5.3.1/opentest4j-1.1.1.jar!/" />
    </CLASSES>
    <JAVADOC>
      <root url="jar://$PROJECT_DIR$/lib/test/junit-5.3.1/apiguardian-api-1.0.0-javadoc.jar!/" />
      <root url="jar://$PROJECT_DIR$/lib/test/junit-5.3.1/junit-jupiter-api-5.3.1-javadoc.jar!/" />
      <root url="jar://$PROJECT_DIR$/lib/test/junit-5.3.1/junit-jupiter-params-5.3.1-javadoc.jar!/" />
      <root url="jar://$PROJECT_DIR$/lib/test/junit-5.3.1/junit-platform-commons-1.3.1-javadoc.jar!/" />
      <root url="jar://$PROJECT_DIR$/lib/test/junit-5.3.1/opentest4j-1.1.1-javadoc.jar!/" />
    </JAVADOC>
    <SOURCES>
      <root url="jar://$PROJECT_DIR$/lib/test/junit-5.3.1/apiguardian-api-1.0.0-sources.jar!/" />
      <root url="jar://$PROJECT_DIR$/lib/test/junit-5.3.1/junit-jupiter-api-5.3.1-sources.jar!/" />
      <root url="jar://$PROJECT_DIR$/lib/test/junit-5.3.1/junit-jupiter-params-5.3.1-sources.jar!/" />
      <root url="jar://$PROJECT_DIR$/lib/test/junit-5.3.1/junit-platform-commons-1.3.1-sources.jar!/" />
      <root url="jar://$PROJECT_DIR$/lib/test/junit-5.3.1/opentest4j-1.1.1-sources.jar!/" />
    </SOURCES>
  </library>
</component>